TN:
SF:src\global\arrayEqual.js
FN:12,arrayEqual
FNF:1
FNH:1
FNDA:25,arrayEqual
DA:13,25
DA:14,25
DA:15,25
DA:16,1
DA:18,24
DA:19,2
DA:21,22
DA:22,22
DA:23,22
DA:24,50
DA:25,13
DA:26,3
DA:28,37
DA:29,8
DA:30,4
DA:32,4
DA:33,1
DA:38,29
DA:39,1
DA:45,13
LF:20
LH:20
BRDA:15,0,0,1
BRDA:15,0,1,24
BRDA:15,1,0,25
BRDA:15,1,1,24
BRDA:18,2,0,2
BRDA:18,2,1,22
BRDA:24,3,0,13
BRDA:24,3,1,37
BRDA:25,4,0,3
BRDA:25,4,1,10
BRDA:28,5,0,8
BRDA:28,5,1,29
BRDA:29,6,0,4
BRDA:29,6,1,4
BRDA:32,7,0,1
BRDA:32,7,1,3
BRDA:38,8,0,1
BRDA:38,8,1,28
BRF:18
BRH:18
end_of_record
TN:
SF:src\global\browserInfo.js
FN:9,browserInfo
FN:41,getBrowserInfo
FNF:2
FNH:0
FNDA:0,browserInfo
FNDA:0,getBrowserInfo
DA:10,0
DA:11,0
DA:12,0
DA:13,0
DA:15,0
DA:17,0
DA:19,0
DA:20,0
DA:22,0
DA:23,0
DA:25,0
DA:26,0
DA:28,0
DA:29,0
DA:31,0
DA:32,0
DA:34,0
DA:35,0
DA:37,0
DA:38,0
DA:42,0
DA:43,0
DA:44,0
DA:45,0
DA:46,0
DA:47,0
DA:48,0
DA:49,0
DA:50,0
DA:51,0
DA:52,0
DA:54,0
DA:55,0
DA:56,0
DA:57,0
DA:60,0
DA:61,0
DA:62,0
DA:63,0
DA:66,0
DA:67,0
DA:68,0
DA:69,0
DA:72,0
DA:73,0
DA:74,0
DA:75,0
DA:78,0
DA:79,0
DA:80,0
DA:81,0
DA:84,0
DA:85,0
DA:86,0
DA:87,0
DA:90,0
DA:91,0
DA:92,0
DA:93,0
DA:95,0
DA:96,0
LF:61
LH:0
BRDA:12,0,0,0
BRDA:12,0,1,0
BRDA:12,1,0,0
BRDA:12,1,1,0
BRDA:17,2,0,0
BRDA:17,2,1,0
BRDA:17,2,2,0
BRDA:17,2,3,0
BRDA:17,2,4,0
BRDA:17,2,5,0
BRDA:54,3,0,0
BRDA:54,3,1,0
BRDA:60,4,0,0
BRDA:60,4,1,0
BRDA:66,5,0,0
BRDA:66,5,1,0
BRDA:72,6,0,0
BRDA:72,6,1,0
BRDA:78,7,0,0
BRDA:78,7,1,0
BRDA:84,8,0,0
BRDA:84,8,1,0
BRDA:84,9,0,0
BRDA:84,9,1,0
BRDA:90,10,0,0
BRDA:90,10,1,0
BRF:26
BRH:0
end_of_record
TN:
SF:src\global\byteLength.js
FN:13,byteLength
FNF:1
FNH:0
FNDA:0,byteLength
DA:15,0
DA:16,0
DA:17,0
DA:18,0
DA:19,0
DA:20,0
DA:22,0
LF:7
LH:0
BRDA:18,0,0,0
BRDA:18,0,1,0
BRDA:18,1,0,0
BRDA:18,1,1,0
BRDA:19,2,0,0
BRDA:19,2,1,0
BRDA:19,3,0,0
BRDA:19,3,1,0
BRDA:20,4,0,0
BRDA:20,4,1,0
BRDA:20,5,0,0
BRDA:20,5,1,0
BRF:12
BRH:0
end_of_record
TN:
SF:src\global\dateAndTimestampConversion.js
FN:12,dateAndTimestampConversion
FNF:1
FNH:1
FNDA:6,dateAndTimestampConversion
DA:13,6
DA:14,4
DA:15,4
DA:17,2
DA:18,2
DA:19,2
DA:20,2
DA:21,2
DA:22,2
DA:23,2
DA:24,2
DA:25,1
DA:27,1
LF:13
LH:13
BRDA:12,0,0,5
BRDA:13,1,0,4
BRDA:13,1,1,2
BRDA:13,2,0,6
BRDA:13,2,1,4
BRDA:17,3,0,0
BRDA:17,3,1,2
BRDA:24,4,0,1
BRDA:24,4,1,1
BRF:9
BRH:8
end_of_record
TN:
SF:src\global\debounce.js
FN:10,debounce
FN:14,(anonymous_1)
FN:21,(anonymous_2)
FNF:3
FNH:0
FNDA:0,debounce
FNDA:0,(anonymous_1)
FNDA:0,(anonymous_2)
DA:12,0
DA:14,0
DA:16,0
DA:18,0
DA:21,0
DA:23,0
DA:25,0
LF:7
LH:0
BRDA:16,0,0,0
BRDA:16,0,1,0
BRF:2
BRH:0
end_of_record
TN:
SF:src\global\deepClone.js
FN:1,judgeType
FN:20,Element
FN:44,deepClone
FNF:3
FNH:2
FNDA:64,judgeType
FNDA:0,Element
FNDA:64,deepClone
DA:3,64
DA:4,64
DA:19,64
DA:20,0
DA:24,64
DA:25,0
DA:27,64
DA:45,64
DA:47,64
DA:48,12
DA:49,52
DA:50,14
DA:53,38
DA:55,26
DA:57,12
DA:58,34
DA:60,14
DA:63,14
DA:64,24
DA:67,26
LF:20
LH:18
BRDA:19,0,0,0
BRDA:19,0,1,64
BRDA:24,1,0,0
BRDA:24,1,1,64
BRDA:47,2,0,12
BRDA:47,2,1,52
BRDA:49,3,0,14
BRDA:49,3,1,38
BRDA:55,4,0,12
BRDA:55,4,1,14
BRDA:60,5,0,14
BRDA:60,5,1,0
BRF:12
BRH:9
end_of_record
TN:
SF:src\global\digitUppercase.js
FN:11,digitUppercase
FNF:1
FNH:0
FNDA:0,digitUppercase
DA:12,0
DA:13,0
DA:17,0
DA:21,0
DA:22,0
DA:23,0
DA:24,0
DA:25,0
DA:27,0
DA:28,0
DA:29,0
DA:30,0
DA:31,0
DA:32,0
DA:33,0
DA:35,0
DA:37,0
LF:17
LH:0
BRDA:21,0,0,0
BRDA:21,0,1,0
BRDA:27,1,0,0
BRDA:27,1,1,0
BRDA:29,2,0,0
BRDA:29,2,1,0
BRDA:31,3,0,0
BRDA:31,3,1,0
BRF:8
BRH:0
end_of_record
TN:
SF:src\global\floatObj.js
FN:6,floatObj
FN:7,isInteger
FN:11,toInteger
FN:28,operation
FN:67,jia
FN:71,jian
FN:75,cheng
FN:79,chu
FNF:8
FNH:0
FNDA:0,floatObj
FNDA:0,isInteger
FNDA:0,toInteger
FNDA:0,operation
FNDA:0,jia
FNDA:0,jian
FNDA:0,cheng
FNDA:0,chu
DA:8,0
DA:12,0
DA:13,0
DA:14,0
DA:15,0
DA:17,0
DA:18,0
DA:19,0
DA:21,0
DA:22,0
DA:23,0
DA:24,0
DA:25,0
DA:29,0
DA:30,0
DA:31,0
DA:32,0
DA:33,0
DA:34,0
DA:35,0
DA:36,0
DA:37,0
DA:39,0
DA:40,0
DA:41,0
DA:42,0
DA:44,0
DA:46,0
DA:48,0
DA:49,0
DA:50,0
DA:51,0
DA:53,0
DA:55,0
DA:57,0
DA:58,0
DA:60,0
DA:61,0
DA:63,0
DA:68,0
DA:72,0
DA:76,0
DA:80,0
DA:84,0
LF:44
LH:0
BRDA:13,0,0,0
BRDA:13,0,1,0
BRDA:35,1,0,0
BRDA:35,1,1,0
BRDA:37,2,0,0
BRDA:37,2,1,0
BRDA:37,2,2,0
BRDA:37,2,3,0
BRDA:37,2,4,0
BRDA:39,3,0,0
BRDA:39,3,1,0
BRDA:41,4,0,0
BRDA:41,4,1,0
BRDA:48,5,0,0
BRDA:48,5,1,0
BRDA:50,6,0,0
BRDA:50,6,1,0
BRF:17
BRH:0
end_of_record
TN:
SF:src\global\formatCurrency.js
FN:11,formatCurrency
FNF:1
FNH:0
FNDA:0,formatCurrency
DA:12,0
DA:13,0
DA:14,0
DA:15,0
DA:16,0
DA:17,0
DA:18,0
DA:19,0
DA:20,0
DA:21,0
LF:10
LH:0
BRDA:11,0,0,0
BRDA:11,1,0,0
BRDA:13,2,0,0
BRDA:13,2,1,0
BRDA:13,3,0,0
BRDA:13,3,1,0
BRDA:13,3,2,0
BRDA:16,4,0,0
BRDA:16,4,1,0
BRDA:18,5,0,0
BRDA:18,5,1,0
BRDA:18,6,0,0
BRDA:18,6,1,0
BRDA:19,7,0,0
BRDA:19,7,1,0
BRDA:20,8,0,0
BRDA:20,8,1,0
BRF:17
BRH:0
end_of_record
TN:
SF:src\global\formatNumberZero.js
FN:10,formatNumberZero
FNF:1
FNH:0
FNDA:0,formatNumberZero
DA:11,0
DA:12,0
LF:2
LH:0
BRDA:12,0,0,0
BRDA:12,0,1,0
BRF:2
BRH:0
end_of_record
TN:
SF:src\global\formatTime.js
FN:21,formatTime
FN:59,parseTime
FN:93,(anonymous_2)
FNF:3
FNH:0
FNDA:0,formatTime
FNDA:0,parseTime
FNDA:0,(anonymous_2)
DA:22,0
DA:23,0
DA:25,0
DA:27,0
DA:28,0
DA:30,0
DA:32,0
DA:33,0
DA:34,0
DA:36,0
DA:37,0
DA:38,0
DA:39,0
DA:40,0
DA:42,0
DA:43,0
DA:45,0
DA:60,0
DA:61,0
DA:63,0
DA:65,0
DA:66,0
DA:68,0
DA:69,0
DA:71,0
DA:75,0
DA:79,0
DA:80,0
DA:82,0
DA:84,0
DA:93,0
DA:94,0
DA:96,0
DA:97,0
DA:99,0
LF:35
LH:0
BRDA:22,0,0,0
BRDA:22,0,1,0
BRDA:32,1,0,0
BRDA:32,1,1,0
BRDA:34,2,0,0
BRDA:34,2,1,0
BRDA:37,3,0,0
BRDA:37,3,1,0
BRDA:39,4,0,0
BRDA:39,4,1,0
BRDA:42,5,0,0
BRDA:42,5,1,0
BRDA:60,6,0,0
BRDA:60,6,1,0
BRDA:60,7,0,0
BRDA:60,7,1,0
BRDA:63,8,0,0
BRDA:63,8,1,0
BRDA:65,9,0,0
BRDA:65,9,1,0
BRDA:68,10,0,0
BRDA:68,10,1,0
BRDA:69,11,0,0
BRDA:69,11,1,0
BRDA:79,12,0,0
BRDA:79,12,1,0
BRDA:79,13,0,0
BRDA:79,13,1,0
BRDA:96,14,0,0
BRDA:96,14,1,0
BRF:30
BRH:0
end_of_record
TN:
SF:src\global\getDaysInOneMonth.js
FN:10,getDaysInOneMonth
FNF:1
FNH:0
FNDA:0,getDaysInOneMonth
DA:11,0
DA:12,0
DA:13,0
LF:3
LH:0
BRF:0
BRH:0
end_of_record
TN:
SF:src\global\getNowDate.js
FN:8,getNowDate
FNF:1
FNH:0
FNDA:0,getNowDate
DA:9,0
DA:10,0
DA:11,0
DA:12,0
DA:13,0
DA:14,0
DA:16,0
DA:17,0
DA:19,0
DA:20,0
LF:10
LH:0
BRDA:8,0,0,0
BRDA:13,1,0,0
BRDA:13,1,1,0
BRDA:13,2,0,0
BRDA:13,2,1,0
BRDA:16,3,0,0
BRDA:16,3,1,0
BRDA:16,4,0,0
BRDA:16,4,1,0
BRF:9
BRH:0
end_of_record
TN:
SF:src\global\getObjVal.js
FN:11,getObjVal
FN:14,getPath
FNF:2
FNH:0
FNDA:0,getObjVal
FNDA:0,getPath
DA:12,0
DA:15,0
DA:17,0
DA:18,0
DA:20,0
DA:21,0
DA:23,0
DA:25,0
LF:8
LH:0
BRDA:12,0,0,0
BRDA:12,0,1,0
BRDA:20,1,0,0
BRDA:20,1,1,0
BRDA:23,2,0,0
BRDA:23,2,1,0
BRDA:23,3,0,0
BRDA:23,3,1,0
BRF:8
BRH:0
end_of_record
TN:
SF:src\global\getRemovedQueryStringInUrl.js
FN:10,getRemovedQueryStringInUrl
FNF:1
FNH:0
FNDA:0,getRemovedQueryStringInUrl
DA:19,0
DA:20,0
DA:22,0
DA:23,0
DA:25,0
DA:34,0
DA:35,0
DA:37,0
DA:39,0
DA:41,0
DA:45,0
DA:49,0
DA:50,0
DA:52,0
DA:54,0
DA:58,0
LF:16
LH:0
BRDA:19,0,0,0
BRDA:19,0,1,0
BRDA:22,1,0,0
BRDA:22,1,1,0
BRDA:34,2,0,0
BRDA:34,2,1,0
BRDA:39,3,0,0
BRDA:39,3,1,0
BRDA:50,4,0,0
BRDA:50,4,1,0
BRF:10
BRH:0
end_of_record
TN:
SF:src\global\getSearchParam.js
FN:13,getSearchParam
FNF:1
FNH:0
FNDA:0,getSearchParam
DA:14,0
DA:15,0
DA:16,0
DA:17,0
DA:19,0
DA:20,0
DA:21,0
DA:24,0
LF:8
LH:0
BRDA:15,0,0,0
BRDA:15,0,1,0
BRDA:17,1,0,0
BRDA:17,1,1,0
BRDA:19,2,0,0
BRDA:19,2,1,0
BRDA:20,3,0,0
BRDA:20,3,1,0
BRF:8
BRH:0
end_of_record
TN:
SF:src\global\isInteger.js
FN:15,isInteger
FNF:1
FNH:0
FNDA:0,isInteger
DA:16,0
LF:1
LH:0
BRF:0
BRH:0
end_of_record
TN:
SF:src\global\isWechatBrowser.js
FN:6,isWechatBrowser
FNF:1
FNH:0
FNDA:0,isWechatBrowser
DA:7,0
DA:8,0
DA:9,0
LF:3
LH:0
BRF:0
BRH:0
end_of_record
TN:
SF:src\global\lotteryRandom.js
FN:10,lotteryRandom
FNF:1
FNH:0
FNDA:0,lotteryRandom
DA:11,0
DA:12,0
DA:14,0
DA:15,0
DA:18,0
DA:20,0
DA:21,0
DA:22,0
DA:23,0
DA:24,0
DA:28,0
LF:11
LH:0
BRDA:22,0,0,0
BRDA:22,0,1,0
BRF:2
BRH:0
end_of_record
TN:
SF:src\global\paramToObj.js
FN:8,paramToObj
FNF:1
FNH:0
FNDA:0,paramToObj
DA:9,0
DA:10,0
DA:11,0
DA:13,0
LF:4
LH:0
BRDA:10,0,0,0
BRDA:10,0,1,0
BRF:2
BRH:0
end_of_record
TN:
SF:src\global\removeArrRepeat.js
FN:7,removeArrRepeat
FNF:1
FNH:0
FNDA:0,removeArrRepeat
DA:8,0
LF:1
LH:0
BRF:0
BRH:0
end_of_record
TN:
SF:src\global\scrollAnimation.js
FN:7,scrollAnimation
FN:11,(anonymous_1)
FNF:2
FNH:0
FNDA:0,scrollAnimation
FNDA:0,(anonymous_1)
DA:9,0
DA:10,0
DA:11,0
DA:13,0
DA:14,0
DA:15,0
DA:17,0
DA:18,0
DA:20,0
LF:9
LH:0
BRDA:17,0,0,0
BRDA:17,0,1,0
BRDA:17,1,0,0
BRDA:17,1,1,0
BRF:4
BRH:0
end_of_record
TN:
SF:src\global\sequenceParam.js
FN:9,sequenceParam
FNF:1
FNH:0
FNDA:0,sequenceParam
DA:10,0
DA:11,0
DA:12,0
DA:14,0
DA:15,0
DA:16,0
DA:19,0
LF:7
LH:0
BRDA:11,0,0,0
BRDA:11,0,1,0
BRDA:15,1,0,0
BRDA:15,1,1,0
BRDA:15,2,0,0
BRDA:15,2,1,0
BRF:6
BRH:0
end_of_record
TN:
SF:src\global\testp.js
FN:1,testp
FNF:1
FNH:0
FNDA:0,testp
DA:4,0
DA:5,0
DA:6,0
DA:9,0
LF:4
LH:0
BRF:0
BRH:0
end_of_record
TN:
SF:src\global\thousandthPlace.js
FN:10,thousandthPlace
FNF:1
FNH:0
FNDA:0,thousandthPlace
DA:11,0
DA:12,0
DA:13,0
DA:14,0
DA:15,0
DA:17,0
DA:20,0
LF:7
LH:0
BRDA:11,0,0,0
BRDA:11,0,1,0
BRDA:13,1,0,0
BRDA:13,1,1,0
BRF:4
BRH:0
end_of_record
TN:
SF:src\global\throttle.js
FN:10,throttle
FN:14,(anonymous_1)
FNF:2
FNH:0
FNDA:0,throttle
FNDA:0,(anonymous_1)
DA:12,0
DA:14,0
DA:16,0
DA:18,0
DA:20,0
DA:22,0
LF:6
LH:0
BRDA:18,0,0,0
BRDA:18,0,1,0
BRF:2
BRH:0
end_of_record
TN:
SF:src\global\toFixed.js
FN:11,toFixed
FNF:1
FNH:0
FNDA:0,toFixed
DA:12,0
DA:13,0
DA:14,0
DA:15,0
DA:16,0
DA:18,0
DA:19,0
DA:21,0
DA:22,0
DA:24,0
LF:10
LH:0
BRDA:12,0,0,0
BRDA:12,0,1,0
BRDA:13,1,0,0
BRDA:13,1,1,0
BRDA:15,2,0,0
BRDA:15,2,1,0
BRDA:21,3,0,0
BRDA:21,3,1,0
BRF:8
BRH:0
end_of_record
